<?xml version="1.0" encoding="UTF-8"?>
<testng-results ignored="0" total="1" passed="1" failed="0" skipped="0">
  <reporter-output>
  </reporter-output>
  <suite started-at="2025-11-05T18:14:21 IST" name="Default suite" finished-at="2025-11-05T18:14:31 IST" duration-ms="9582">
    <groups>
    </groups>
    <test started-at="2025-11-05T18:14:21 IST" name="Default test" finished-at="2025-11-05T18:14:31 IST" duration-ms="9582">
      <class name="deay.TestPro">
        <test-method signature="test()[pri:0, instance:deay.TestPro@5c6648b0]" started-at="2025-11-05T18:14:22 IST" name="test" finished-at="2025-11-05T18:14:31 IST" duration-ms="9390" status="PASS">
          <reporter-output>
          </reporter-output>
        </test-method> <!-- test -->
      </class> <!-- deay.TestPro -->
    </test> <!-- Default test -->
  </suite> <!-- Default suite -->
</testng-results>
